#INFO: **** input file is /nas/longleaf/home/ryzhou/Qamuy/pyscf_result/frozen/ccpvdz.py ****
#!/usr/bin/env python
#
# Author: Xiao Wang <xiaowang314159@gmail.com>
#
"""
This example first runs a closed-shell periodic EOM-EE-CCSD with K-point
sampling, a.k.a. EOM-EE-KRCCSD, for singlet excited states on one of the
three provided systems.
Then a molecular EOM-EE-RCCSD based on Gamma-point Hartree-Fock is done, where
a supercell (unit cell with its nmp replicas) is used.
Excitation energies from the two sets of calculations should match.
"""

import numpy as np
from pyscf import gto, scf, cc
from pyscf.cc import eom_rccsd as mol_eom_rccsd
from pyscf.pbc import gto, scf, cc
from pyscf.pbc.cc import eom_kccsd_rhf as eom_krccsd
from pyscf.pbc.tools.pbc import super_cell
from pyscf.cc.rccsd import RCCSD

cell = gto.Cell()
cell.verbose = 7
#cell.unit = 'B'
cell.max_memory = 4000  # MB

#
# Hydrogen crystal
#
# cell.a = np.eye(3) * 7.0
# cell.basis = 'sto-3g'
# cell.atom = '''
#     H 0.000000000000   0.000000000000   0.000000000000
#     H 0.000000000000   0.000000000000   1.400000000000
#     '''

#
# Helium crystal
#
cell.atom = '''
C -0.58442   -0.32662  0.0    
C  0.58442   0.32662   0.0    
H  0.58442   1.40362   0.0    
H -0.58442   -1.40362  0.0    
C    1.8845799999999997       -0.32662  0.0    
C    3.05342    0.32662  0.0    
H    3.05342    1.40362  0.0    
H    1.8845799999999997       -1.40362  0.0    
'''
#cell.basis = [[0, (1., 1.)], [0, (.5, 1.)]]
cell.a = '''
4.938000000, 0.0000000000, 0.00000000
0.000000000, 10.000000000, 0.00000000
0.000000000, 0.000000000, 10.000000000
'''

#
# Diamond
#
# cell.atom = '''
# C 0.000000000000   0.000000000000   0.000000000000
# C 1.685068664391   1.685068664391   1.685068664391
# '''
cell.basis = 'cc-pvdz'
# cell.pseudo = 'gth-pade'
# cell.a = '''
# 0.000000000, 3.370137329, 3.370137329
# 3.370137329, 0.000000000, 3.370137329
# 3.370137329, 3.370137329, 0.000000000'''


cell.build()

nmp = [1,1,1]

# KRHF
kpts = cell.make_kpts(nmp)
kmf = scf.KRHF(cell, kpts=kpts, exxdiv=None).density_fit()
ekrhf = kmf.kernel()
#print (kmf.mo_energy)
# KRCCSD
#cas_list=[*range(0,11)]+[*range(17,76)]
#print (cas_list)
#mycc = cc.KRCCSD(kmf,frozen=cas_list)
mycc = cc.KRCCSD(kmf)
ekrcc, t1, t2 = mycc.kernel()
nroots_test = 1
# EOM-EE-KRCCSD
myeomee = eom_krccsd.EOMEESinglet(mycc)
eee, vee = myeomee.kernel(nroots=nroots_test)


eee = np.sort(np.hstack(eee[:]))

print("PBC KRHF Energy:", ekrhf)
print("PBC KRCCSD Energy        :", ekrcc)
print("PBC EOM-EE-KRCCSD roots:", repr(eee))
#INFO: ******************** input file end ********************


System: uname_result(system='Linux', node='c-209-12', release='3.10.0-514.el7.x86_64', version='#1 SMP Wed Oct 19 11:24:13 EDT 2016', machine='x86_64')  Threads 1
Python 3.9.5 (default, Jun  4 2021, 12:28:51) 
[GCC 7.5.0]
numpy 1.21.2  scipy 1.7.1
Date: Tue May 17 14:52:53 2022
PySCF version 2.0.1
PySCF path  /nas/longleaf/home/ryzhou/miniconda3/lib/python3.9/site-packages/pyscf

[CONFIG] DEBUG = False
[CONFIG] MAX_MEMORY = 4000
[CONFIG] TMPDIR = /tmp
[CONFIG] UNIT = angstrom
[CONFIG] VERBOSE = 3
[CONFIG] conf_file = None
[INPUT] verbose = 7
[INPUT] max_memory = 4000 
[INPUT] num. atoms = 8
[INPUT] num. electrons = 28
[INPUT] charge = 0
[INPUT] spin (= nelec alpha-beta = 2S) = 0
[INPUT] symmetry False subgroup None
[INPUT] Mole.unit = angstrom
[INPUT]  1 C     -0.584420000000  -0.326620000000   0.000000000000 AA   -1.104393741718  -0.617222346805   0.000000000000 Bohr
[INPUT]  2 C      0.584420000000   0.326620000000   0.000000000000 AA    1.104393741718   0.617222346805   0.000000000000 Bohr
[INPUT]  3 H      0.584420000000   1.403620000000   0.000000000000 AA    1.104393741718   2.652457382962   0.000000000000 Bohr
[INPUT]  4 H     -0.584420000000  -1.403620000000   0.000000000000 AA   -1.104393741718  -2.652457382962   0.000000000000 Bohr
[INPUT]  5 C      1.884580000000  -0.326620000000   0.000000000000 AA    3.561340059833  -0.617222346805   0.000000000000 Bohr
[INPUT]  6 C      3.053420000000   0.326620000000   0.000000000000 AA    5.770127543269   0.617222346805   0.000000000000 Bohr
[INPUT]  7 H      3.053420000000   1.403620000000   0.000000000000 AA    5.770127543269   2.652457382962   0.000000000000 Bohr
[INPUT]  8 H      1.884580000000  -1.403620000000   0.000000000000 AA    3.561340059833  -2.652457382962   0.000000000000 Bohr
[INPUT] ---------------- BASIS SET ---------------- 
[INPUT] l, kappa, [nprim/nctr], expnt,             c_1 c_2 ...
[INPUT] C
[INPUT] 0    0    [8    /2   ]  6665              0.000692 -0.000146
                                1000              0.005329 -0.001154
                                228               0.027077 -0.005725
                                64.71             0.101718 -0.023312
                                21.06             0.27474 -0.063955
                                7.495             0.448564 -0.149981
                                2.797             0.285074 -0.127262
                                0.5215            0.015204 0.544529
[INPUT] 0    0    [1    /1   ]  0.1596               1
[INPUT] 1    0    [3    /1   ]  9.439             0.038109
                                2.002             0.20948
                                0.5456            0.508557
[INPUT] 1    0    [1    /1   ]  0.1517               1
[INPUT] 2    0    [1    /1   ]  0.55                 1
[INPUT] H
[INPUT] 0    0    [3    /1   ]  13.01             0.019685
                                1.962             0.137977
                                0.4446            0.478148
[INPUT] 0    0    [1    /1   ]  0.122                1
[INPUT] 1    0    [1    /1   ]  0.727                1

Ewald components = 0.00223450701253216, -108.84877667315, 158.222327981152
nuclear repulsion = 49.3757858150142
number of shells = 32
number of NR pGTOs = 132
number of NR cGTOs = 76
basis = cc-pvdz
ecp = {}
bas 0, expnt(s) = [6.665e+03 1.000e+03 2.280e+02 6.471e+01 2.106e+01 7.495e+00 2.797e+00
 5.215e-01]
bas 1, expnt(s) = [0.1596]
bas 2, expnt(s) = [9.439  2.002  0.5456]
bas 3, expnt(s) = [0.1517]
bas 4, expnt(s) = [0.55]
bas 5, expnt(s) = [6.665e+03 1.000e+03 2.280e+02 6.471e+01 2.106e+01 7.495e+00 2.797e+00
 5.215e-01]
bas 6, expnt(s) = [0.1596]
bas 7, expnt(s) = [9.439  2.002  0.5456]
bas 8, expnt(s) = [0.1517]
bas 9, expnt(s) = [0.55]
bas 10, expnt(s) = [13.01    1.962   0.4446]
bas 11, expnt(s) = [0.122]
bas 12, expnt(s) = [0.727]
bas 13, expnt(s) = [13.01    1.962   0.4446]
bas 14, expnt(s) = [0.122]
bas 15, expnt(s) = [0.727]
bas 16, expnt(s) = [6.665e+03 1.000e+03 2.280e+02 6.471e+01 2.106e+01 7.495e+00 2.797e+00
 5.215e-01]
bas 17, expnt(s) = [0.1596]
bas 18, expnt(s) = [9.439  2.002  0.5456]
bas 19, expnt(s) = [0.1517]
bas 20, expnt(s) = [0.55]
bas 21, expnt(s) = [6.665e+03 1.000e+03 2.280e+02 6.471e+01 2.106e+01 7.495e+00 2.797e+00
 5.215e-01]
bas 22, expnt(s) = [0.1596]
bas 23, expnt(s) = [9.439  2.002  0.5456]
bas 24, expnt(s) = [0.1517]
bas 25, expnt(s) = [0.55]
bas 26, expnt(s) = [13.01    1.962   0.4446]
bas 27, expnt(s) = [0.122]
bas 28, expnt(s) = [0.727]
bas 29, expnt(s) = [13.01    1.962   0.4446]
bas 30, expnt(s) = [0.122]
bas 31, expnt(s) = [0.727]
CPU time:         0.90
lattice vectors  a1 [9.331467603, 0.000000000, 0.000000000]
                 a2 [0.000000000, 18.897261246, 0.000000000]
                 a3 [0.000000000, 0.000000000, 18.897261246]
dimension = 3
low_dim_ft_type = None
Cell volume = 3332.33
rcut = 20.089801000471617 (nimgs = [3 2 2])
lattice sum = 112 cells
precision = 1e-08
pseudo = None
ke_cutoff = 98708.05082920736
    = [1320 2673 2673] mesh (9431306280 PWs)


******** <class 'pyscf.pbc.scf.khf.KRHF'> ********
method = KRHF-KSCF-RHF-SCF-RHF
initial guess = minao
damping factor = 0
level_shift factor = 0
DIIS = <class 'pyscf.scf.diis.CDIIS'>
diis_start_cycle = 1
diis_space = 8
SCF conv_tol = 1e-07
SCF conv_tol_grad = None
SCF max_cycles = 50
direct_scf = True
direct_scf_tol = 1e-13
chkfile to save SCF result = /tmp/tmpndffauib
max_memory 4000 MB (current use 124 MB)


******** PBC SCF flags ********
N kpts = 1
kpts = [[0. 0. 0.]]
Exchange divergence treatment (exxdiv) = None
DF object = <pyscf.pbc.df.df.GDF object at 0x2b2ec128fee0>
Set gradient conv threshold to 0.000316228
Big error detected in the electron number of initial guess density matrix (Ne/cell = 28.0107)!
  This can cause huge error in Fock matrix and lead to instability in SCF for low-dimensional systems.
  DM is normalized wrt the number of electrons 28.0
    CPU time for vnuc pass1: analytic int     14.03 sec, wall time     14.03 sec
    CPU time for contracting Vnuc [0:10206]     20.50 sec, wall time     20.50 sec
    CPU time for contracting Vnuc     20.50 sec, wall time     20.50 sec
    CPU time for get_nuc     34.53 sec, wall time     34.53 sec


******** <class 'pyscf.pbc.df.df.GDF'> ********
mesh = [15, 27, 27] (10935 PWs)
auxbasis = None
eta = 0.2
exp_to_discard = None
_cderi_to_save = /tmp/tmp2j1ca35t
len(kpts) = 1
    kpts = [[0. 0. 0.]]
Default auxbasis cc-pvdz-jkfit is used for C cc-pvdz
Default auxbasis cc-pvdz-jkfit is used for H cc-pvdz
num shells = 132, num cGTOs = 372
Drop 0 primitive fitting functions
make aux basis, num shells = 132, num cGTOs = 372
auxcell.rcut 13.893106626891408
make compensating basis, num shells = 28, num cGTOs = 100
chgcell.rcut 11.482117703874595
    CPU time for 3c2e    167.55 sec, wall time    167.54 sec
Num uniq kpts 1
uniq_kpts [[0. 0. 0.]]
max_memory 3810.510848 (MB)  blocksize 252284
Cholesky decomposition for j2c at kpt 0
Symmetry pattern (k - [0. 0. 0.])*a= 2n pi
    make_kpt for uniq_kptji_ids [0]
kpt = [0. 0. 0.]
adapted_ji_idx = [0]
memory = 198.352896
int3c2e [1/1], AO [0:32], ncol = 2926
Symmetry pattern (k + [0. 0. 0.])*a= 2n pi
    make_kpt for [0]
    CPU time for j3c    191.37 sec, wall time    191.36 sec
    CPU time for Init get_k_kpts    191.39 sec, wall time    191.39 sec
    CPU time for get_k_kpts: make_kpt ki>=kj (0,*)      0.12 sec, wall time      0.11 sec
    CPU time for get_j pass 1      0.02 sec, wall time      0.02 sec
    CPU time for get_j pass 2      0.01 sec, wall time      0.01 sec
    CPU time for vj and vk    191.54 sec, wall time    191.52 sec
Ewald components = 0.00223450701253216, -108.84877667315, 158.222327981152
E1 = -302.6179854670734  E_coul = 100.61467246936492
init E= -152.627527182694
cond(S) = [3783.27148722]
    CPU time for initialize scf    226.56 sec, wall time    226.55 sec
HOMO = -0.0458057721485  LUMO = 0.0100777734349
     k-point                  mo_energy
   0 ( 0.000  0.000  0.000)   [-11.1343808  -11.13107981 -11.12984351 -11.12823903  -1.25860012
  -0.90109949  -0.8208314   -0.6431051   -0.38584647  -0.36714706
  -0.29974503  -0.28340315  -0.23114678  -0.04580577] [0.01007777 0.18555947 0.22232278 0.25463738 0.32212246 0.33248684
 0.33767563 0.45213346 0.45564198 0.61726032 0.65293773 0.68963502
 0.71327637 0.73802723 0.74102962 0.78689373 0.8368186  0.85308303
 0.89493544 0.89508535 0.95879549 0.98481731 1.12593149 1.16617031
 1.16970441 1.22215573 1.22609353 1.23161429 1.24714778 1.26451617
 1.31644003 1.33271036 1.35101709 1.52890365 1.60109363 1.66689123
 1.76764051 1.77668444 1.85770236 1.86442568 1.88288464 1.92530667
 1.94613883 2.05053222 2.05315058 2.11536591 2.25076189 2.29000701
 2.29017934 2.30953827 2.41732525 2.42397696 2.48659071 2.51329746
 2.63258573 2.64501617 2.65682775 2.68308842 3.01310722 3.34833892
 3.37662873 3.41117249]
    CPU time for get_k_kpts: make_kpt ki>=kj (0,*)      0.11 sec, wall time      0.11 sec
    CPU time for get_j pass 1      0.02 sec, wall time      0.02 sec
    CPU time for get_j pass 2      0.01 sec, wall time      0.01 sec
    CPU time for vj and vk      0.14 sec, wall time      0.13 sec
Ewald components = 0.00223450701253216, -108.84877667315, 158.222327981152
E1 = -303.7553118724168  E_coul = 102.84867503683232
cycle= 1 E= -151.53085102057  delta_E=  1.1  |g|= 0.289  |ddm|= 2.87
    CPU time for cycle= 1      0.54 sec, wall time      0.54 sec
diis-norm(errvec)=0.672235
diis-c [-0.45190007  1.        ]
HOMO = -0.0954598518414  LUMO = 0.113896055683
     k-point                  mo_energy
   0 ( 0.000  0.000  0.000)   [-11.04599531 -11.04528931 -11.0439662  -11.04311727  -0.94282622
  -0.75806369  -0.70936807  -0.59209582  -0.41656384  -0.40923637
  -0.35105805  -0.2980423   -0.29058819  -0.09545985] [0.11389606 0.19836548 0.25310696 0.27981748 0.35852309 0.36901845
 0.45845001 0.46097701 0.46250678 0.67242164 0.69124692 0.72841506
 0.77417569 0.78432369 0.80361301 0.83373671 0.87643751 0.9024824
 0.92998254 0.94008703 1.02731516 1.04435097 1.15989914 1.21555676
 1.21696404 1.25166876 1.25888471 1.25906391 1.30742736 1.30889026
 1.35241727 1.36793775 1.38385386 1.57608679 1.64983966 1.71556119
 1.81635027 1.82846973 1.8940882  1.90108948 1.92151234 1.94973618
 1.99936222 2.0819178  2.08857437 2.17111112 2.28897135 2.31870162
 2.34377327 2.36054144 2.46698048 2.47640934 2.55170578 2.55814596
 2.6841058  2.6888263  2.71119344 2.72249552 3.06296959 3.40627717
 3.42802167 3.47998641]
    CPU time for get_k_kpts: make_kpt ki>=kj (0,*)      0.11 sec, wall time      0.11 sec
    CPU time for get_j pass 1      0.02 sec, wall time      0.02 sec
    CPU time for get_j pass 2      0.01 sec, wall time      0.01 sec
    CPU time for vj and vk      0.14 sec, wall time      0.13 sec
Ewald components = 0.00223450701253216, -108.84877667315, 158.222327981152
E1 = -303.8107835281815  E_coul = 102.87448261574947
cycle= 2 E= -151.560515097418  delta_E= -0.0297  |g|= 0.0524  |ddm|= 0.432
    CPU time for cycle= 2      0.54 sec, wall time      0.55 sec
diis-norm(errvec)=0.121848
diis-c [-0.00434319 -0.18091119  1.18091119]
HOMO = -0.0964580467532  LUMO = 0.118271370048
     k-point                  mo_energy
   0 ( 0.000  0.000  0.000)   [-11.04553101 -11.04479627 -11.04304987 -11.04221571  -0.93671898
  -0.75614882  -0.7037714   -0.58477707  -0.41636681  -0.41050656
  -0.35743701  -0.30160735  -0.29018591  -0.09645805] [0.11827137 0.20584719 0.25543379 0.28353104 0.36707172 0.37752556
 0.4615885  0.4640585  0.46767818 0.67860164 0.69080661 0.7279083
 0.77547182 0.78636501 0.81340812 0.83665611 0.87569635 0.90284017
 0.93122945 0.94529334 1.03170004 1.04683812 1.16304787 1.21903704
 1.22021984 1.25480584 1.26042423 1.26285653 1.30661476 1.31133391
 1.36074059 1.37101611 1.39006151 1.57719517 1.65082931 1.71692158
 1.82131232 1.83353749 1.90079105 1.90761211 1.92538639 1.9593439
 2.00533808 2.0897878  2.09569865 2.17165019 2.29496228 2.32607785
 2.34670493 2.36310863 2.46927403 2.47818911 2.55377609 2.56785698
 2.69025405 2.69914294 2.71343232 2.73381552 3.07095426 3.41125394
 3.43446889 3.48488672]
    CPU time for get_k_kpts: make_kpt ki>=kj (0,*)      0.11 sec, wall time      0.11 sec
    CPU time for get_j pass 1      0.02 sec, wall time      0.02 sec
    CPU time for get_j pass 2      0.01 sec, wall time      0.01 sec
    CPU time for vj and vk      0.14 sec, wall time      0.13 sec
Ewald components = 0.00223450701253216, -108.84877667315, 158.222327981152
E1 = -303.8210293848136  E_coul = 102.88364822813884
cycle= 3 E= -151.561595341661  delta_E= -0.00108  |g|= 0.0055  |ddm|= 0.0981
    CPU time for cycle= 3      0.54 sec, wall time      0.53 sec
diis-norm(errvec)=0.0125809
diis-c [-1.07130726e-04 -1.73741670e-02  4.88479269e-02  9.68526240e-01]
HOMO = -0.0956595419631  LUMO = 0.118718597661
     k-point                  mo_energy
   0 ( 0.000  0.000  0.000)   [-11.0453569  -11.04461758 -11.0428189  -11.0419831   -0.93602315
  -0.75490772  -0.70380121  -0.58504452  -0.41680214  -0.41092493
  -0.35688376  -0.30245621  -0.28956436  -0.09565954] [0.1187186  0.20572035 0.25504022 0.28378217 0.36688516 0.37737943
 0.46124487 0.46367644 0.46821297 0.67868981 0.69143108 0.72810299
 0.77566288 0.78689409 0.81332097 0.8366583  0.87638717 0.90321609
 0.9311271  0.94496746 1.03158016 1.04681151 1.16313963 1.21895204
 1.22036009 1.2545564  1.26040057 1.26254179 1.30707048 1.31187764
 1.36040136 1.37078695 1.38969623 1.57753336 1.65121292 1.71729104
 1.82136872 1.83369881 1.90055154 1.9073922  1.9253181  1.9588804
 2.00512579 2.08938188 2.09539055 2.17181816 2.29476177 2.32568324
 2.34674044 2.36313475 2.46941797 2.47850397 2.55417135 2.56737618
 2.68998283 2.69867014 2.71351382 2.73311258 3.07067276 3.41116354
 3.43415031 3.48522369]
    CPU time for get_k_kpts: make_kpt ki>=kj (0,*)      0.11 sec, wall time      0.11 sec
    CPU time for get_j pass 1      0.02 sec, wall time      0.02 sec
    CPU time for get_j pass 2      0.01 sec, wall time      0.01 sec
    CPU time for vj and vk      0.14 sec, wall time      0.13 sec
Ewald components = 0.00223450701253216, -108.84877667315, 158.222327981152
E1 = -303.81027925060556  E_coul = 102.87289124925108
cycle= 4 E= -151.56160218634  delta_E= -6.84e-06  |g|= 0.00348  |ddm|= 0.00883
    CPU time for cycle= 4      0.54 sec, wall time      0.53 sec
diis-norm(errvec)=0.00826252
diis-c [-1.41409102e-05 -3.24164953e-03 -7.00871790e-03  4.25619637e-01
  5.84630730e-01]
HOMO = -0.0957765184524  LUMO = 0.118600317669
     k-point                  mo_energy
   0 ( 0.000  0.000  0.000)   [-11.04530274 -11.04458609 -11.04362235 -11.04276359  -0.93620395
  -0.75508981  -0.70397677  -0.58516773  -0.41696922  -0.411082
  -0.35707196  -0.30265227  -0.28967442  -0.09577652] [0.11860032 0.20569192 0.25499085 0.2836979  0.36682063 0.37731119
 0.46118686 0.46361348 0.46801244 0.67854792 0.69136044 0.72797163
 0.77554094 0.78675797 0.81320209 0.83654488 0.87631904 0.90312075
 0.93100762 0.94484945 1.03139116 1.04664707 1.16300867 1.21881456
 1.22021802 1.25444988 1.26028667 1.26242098 1.30690922 1.31172286
 1.36032468 1.37066652 1.38958365 1.57740954 1.65108905 1.71719595
 1.82123446 1.83355473 1.90045183 1.9072897  1.9252097  1.95880604
 2.00496126 2.08928128 2.0952855  2.17166261 2.29465297 2.32560203
 2.34657275 2.3629768  2.46927713 2.47836953 2.55396231 2.56722752
 2.68981456 2.69854052 2.71334833 2.73297927 3.07053778 3.41098149
 3.43398126 3.4850367 ]
    CPU time for get_k_kpts: make_kpt ki>=kj (0,*)      0.11 sec, wall time      0.11 sec
    CPU time for get_j pass 1      0.02 sec, wall time      0.02 sec
    CPU time for get_j pass 2      0.01 sec, wall time      0.01 sec
    CPU time for vj and vk      0.14 sec, wall time      0.13 sec
Ewald components = 0.00223450701253216, -108.84877667315, 158.222327981152
E1 = -303.81302562800914  E_coul = 102.87563465387291
cycle= 5 E= -151.561605159122  delta_E= -2.97e-06  |g|= 0.000728  |ddm|= 0.00352
    CPU time for cycle= 5      0.54 sec, wall time      0.53 sec
diis-norm(errvec)=0.00170553
diis-c [-4.01475942e-07  1.96705880e-03 -9.76339031e-03 -4.47308309e-02
  1.33687832e-01  9.18839330e-01]
HOMO = -0.0958263520472  LUMO = 0.118560297041
     k-point                  mo_energy
   0 ( 0.000  0.000  0.000)   [-11.04544194 -11.04472693 -11.04380333 -11.04294274  -0.93629311
  -0.75519377  -0.7040341   -0.58521261  -0.41704094  -0.41114312
  -0.35714626  -0.3027375   -0.28971389  -0.09582635] [0.1185603  0.20568733 0.25496618 0.28366646 0.36680337 0.37728416
 0.46116116 0.46358701 0.46790893 0.67850611 0.69133891 0.72790988
 0.77549637 0.78670458 0.81315089 0.83650062 0.87629472 0.90309066
 0.93095627 0.94480427 1.03130732 1.04657997 1.1629602  1.21876492
 1.22015812 1.25441434 1.26023457 1.26238047 1.30684518 1.31164432
 1.36030323 1.37062301 1.38954795 1.57735905 1.651038   1.71715519
 1.82118054 1.83349477 1.90041952 1.90725767 1.92517268 1.95878708
 2.00489276 2.08925017 2.09525048 2.17160286 2.29461542 2.3255791
 2.34650476 2.36291677 2.46922326 2.47831383 2.5538698  2.56717391
 2.68974808 2.69849227 2.71328126 2.73293995 3.07049125 3.41090482
 3.43391944 3.48495923]
    CPU time for get_k_kpts: make_kpt ki>=kj (0,*)      0.11 sec, wall time      0.11 sec
    CPU time for get_j pass 1      0.02 sec, wall time      0.02 sec
    CPU time for get_j pass 2      0.01 sec, wall time      0.01 sec
    CPU time for vj and vk      0.14 sec, wall time      0.13 sec
Ewald components = 0.00223450701253216, -108.84877667315, 158.222327981152
E1 = -303.81448244480293  E_coul = 102.8770913213729
cycle= 6 E= -151.561605308416  delta_E= -1.49e-07  |g|= 0.000118  |ddm|= 0.000857
    CPU time for cycle= 6      0.54 sec, wall time      0.53 sec
diis-norm(errvec)=0.000259819
diis-c [-1.92831044e-08  4.65714216e-04 -1.58577766e-03 -2.37819571e-02
  1.27582706e-02  2.17249335e-01  7.94894415e-01]
HOMO = -0.0957811620478  LUMO = 0.118603839898
     k-point                  mo_energy
   0 ( 0.000  0.000  0.000)   [-11.04534286 -11.04462782 -11.04370432 -11.04284367  -0.93624232
  -0.75513992  -0.70398144  -0.58518161  -0.41700655  -0.41110684
  -0.35708262  -0.30270539  -0.28966959  -0.09578116] [0.11860384 0.20569674 0.25496937 0.28369489 0.36682263 0.3773001
 0.46116925 0.46359636 0.4679578  0.67855534 0.69137394 0.72794344
 0.77553608 0.78675206 0.81317912 0.83653217 0.87632747 0.90312754
 0.93098471 0.94483155 1.0313506  1.04662322 1.163      1.21880397
 1.22019669 1.25444267 1.2602633  1.26241029 1.3068968  1.31168647
 1.36032365 1.37065445 1.38957749 1.57739825 1.65107771 1.71718579
 1.82121793 1.83353563 1.90044707 1.90728721 1.92520445 1.95880551
 2.00493222 2.08927549 2.0952777  2.17164904 2.2946451  2.32560008
 2.3465504  2.36296171 2.46926508 2.47835495 2.55392854 2.56720949
 2.68978939 2.69852251 2.71332611 2.73297098 3.07052738 3.41095061
 3.43396264 3.48501408]
    CPU time for get_k_kpts: make_kpt ki>=kj (0,*)      0.11 sec, wall time      0.11 sec
    CPU time for get_j pass 1      0.02 sec, wall time      0.02 sec
    CPU time for get_j pass 2      0.01 sec, wall time      0.01 sec
    CPU time for vj and vk      0.14 sec, wall time      0.13 sec
Ewald components = 0.00223450701253216, -108.84877667315, 158.222327981152
E1 = -303.81377465318883  E_coul = 102.87638352556482
cycle= 7 E= -151.56160531261  delta_E= -4.19e-09  |g|= 1.5e-05  |ddm|= 0.000148
    CPU time for cycle= 7      0.54 sec, wall time      0.53 sec
HOMO = -0.0957852663746  LUMO = 0.118598917277
     k-point                  mo_energy
   0 ( 0.000  0.000  0.000)   [-11.04535317 -11.04463814 -11.04371466 -11.04285401  -0.93624831
  -0.75514516  -0.70398812  -0.58518427  -0.41701097  -0.4111101
  -0.35708759  -0.30271031  -0.2896737   -0.09578527] [0.11859892 0.20569672 0.25496919 0.28369208 0.36682196 0.37729957
 0.46116887 0.46359584 0.46795173 0.67855129 0.69137053 0.7279394
 0.77553282 0.78674726 0.8131777  0.83652969 0.87632444 0.90312347
 0.93098165 0.94482916 1.03134602 1.04661936 1.16299625 1.21880053
 1.22019229 1.25443997 1.26026049 1.26240813 1.30689081 1.31168262
 1.36032318 1.37065216 1.38957566 1.57739445 1.65107369 1.71718241
 1.82121497 1.83353219 1.90044563 1.90728524 1.92520173 1.9588056
 2.00492923 2.08927414 2.09527624 2.17164386 2.29464315 2.3255994
 2.34654623 2.3629573  2.46926077 2.47835113 2.55392292 2.56720769
 2.68978574 2.69852165 2.71332179 2.7329694  3.07052507 3.41094683
 3.43395894 3.48500895]
    CPU time for get_k_kpts: make_kpt ki>=kj (0,*)      0.11 sec, wall time      0.11 sec
    CPU time for get_j pass 1      0.02 sec, wall time      0.02 sec
    CPU time for get_j pass 2      0.01 sec, wall time      0.01 sec
    CPU time for vj and vk      0.14 sec, wall time      0.13 sec
Ewald components = 0.00223450701253216, -108.84877667315, 158.222327981152
E1 = -303.8138746450844  E_coul = 102.87648351739037
Extra cycle  E= -151.56160531268  delta_E= -7e-11  |g|= 5.58e-06  |ddm|= 2.2e-05
    CPU time for scf_cycle    230.88 sec, wall time    230.83 sec
    CPU time for SCF    230.88 sec, wall time    230.83 sec
converged SCF energy = -151.56160531268

******** <class 'pyscf.pbc.cc.kccsd_rhf.RCCSD'> ********
CC2 = 0
CCSD nocc = 14, nmo = 76
max_cycle = 50
direct = 1
conv_tol = 1e-07
conv_tol_normt = 1e-05
diis_space = 6
diis_start_cycle = 0
diis_start_energy_diff = 1e+09
max_memory 4000 MB (current use 269 MB)
    CPU time for get_k_kpts: make_kpt ki>=kj (0,*)      0.11 sec, wall time      0.11 sec
    CPU time for get_j pass 1      0.02 sec, wall time      0.02 sec
    CPU time for get_j pass 2      0.01 sec, wall time      0.01 sec
    CPU time for vj and vk      0.14 sec, wall time      0.13 sec
    CPU time for vnuc pass1: analytic int     13.95 sec, wall time     13.95 sec
    CPU time for contracting Vnuc [0:10206]     20.59 sec, wall time     20.59 sec
    CPU time for contracting Vnuc     20.59 sec, wall time     20.59 sec
    CPU time for get_nuc     34.54 sec, wall time     34.54 sec
Ewald components = 0.00223450701253216, -108.84877667315, 158.222327981152
    CPU time for vnuc pass1: analytic int     13.89 sec, wall time     13.88 sec
    CPU time for contracting Vnuc [0:10206]     20.56 sec, wall time     20.56 sec
    CPU time for contracting Vnuc     20.56 sec, wall time     20.56 sec
    CPU time for get_nuc     34.45 sec, wall time     34.44 sec
E1 = -303.8138746450844  E_coul = 102.87648351739037
Monkhorst pack size [1 1 1] ew_eta 1.300962250217922 ew_cut 5.404860595575681
Ewald components = 2.45365165395438e-67, -0.734267861449051, 0.657020482851354
using incore ERI storage
    CPU time for CCSD integral transformation     72.66 sec, wall time     72.63 sec
Init t2, MP2 energy (with fock eigenvalue shift) = -0.523179327211523
    CPU time for init mp2      0.01 sec, wall time      0.01 sec
Init E_corr(CCSD) = -0.523179327211523
    CPU time for intermediates      0.05 sec, wall time      0.05 sec
    CPU time for t1      0.05 sec, wall time      0.05 sec
    CPU time for t2 oooo      0.04 sec, wall time      0.04 sec
    CPU time for t2 vvvv      1.91 sec, wall time      1.91 sec
    CPU time for t2 voov      0.57 sec, wall time      0.57 sec
    CPU time for update t1 t2      2.62 sec, wall time      2.62 sec
DIIS for step 0
cycle = 1  E_corr(CCSD) = -0.542772074987028  dE = -0.0195927478  norm(t1,t2) = 0.0721584
    CPU time for CCSD iter      2.64 sec, wall time      2.64 sec
    CPU time for intermediates      0.05 sec, wall time      0.05 sec
    CPU time for t1      0.04 sec, wall time      0.04 sec
    CPU time for t2 oooo      0.04 sec, wall time      0.04 sec
    CPU time for t2 vvvv      1.90 sec, wall time      1.90 sec
    CPU time for t2 voov      0.57 sec, wall time      0.57 sec
    CPU time for update t1 t2      2.60 sec, wall time      2.60 sec
diis-c [-0.00110853  1.        ]
DIIS for step 1
cycle = 2  E_corr(CCSD) = -0.55688128924314  dE = -0.0141092143  norm(t1,t2) = 0.0332946
    CPU time for CCSD iter      2.62 sec, wall time      2.62 sec
    CPU time for intermediates      0.05 sec, wall time      0.05 sec
    CPU time for t1      0.04 sec, wall time      0.04 sec
    CPU time for t2 oooo      0.04 sec, wall time      0.04 sec
    CPU time for t2 vvvv      1.90 sec, wall time      1.90 sec
    CPU time for t2 voov      0.57 sec, wall time      0.57 sec
    CPU time for update t1 t2      2.61 sec, wall time      2.61 sec
diis-c [-1.72640512e-04 -8.11421538e-01  1.81142154e+00]
DIIS for step 2
cycle = 3  E_corr(CCSD) = -0.562290159199878  dE = -0.00540886996  norm(t1,t2) = 0.0189851
    CPU time for CCSD iter      2.63 sec, wall time      2.63 sec
    CPU time for intermediates      0.05 sec, wall time      0.05 sec
    CPU time for t1      0.04 sec, wall time      0.04 sec
    CPU time for t2 oooo      0.04 sec, wall time      0.04 sec
    CPU time for t2 vvvv      1.90 sec, wall time      1.90 sec
    CPU time for t2 voov      0.57 sec, wall time      0.57 sec
    CPU time for update t1 t2      2.61 sec, wall time      2.61 sec
diis-c [-4.95147444e-05  1.14411382e-02 -4.33652934e-01  1.42221180e+00]
DIIS for step 3
cycle = 4  E_corr(CCSD) = -0.564197573305908  dE = -0.00190741411  norm(t1,t2) = 0.00870802
    CPU time for CCSD iter      2.63 sec, wall time      2.63 sec
    CPU time for intermediates      0.05 sec, wall time      0.05 sec
    CPU time for t1      0.04 sec, wall time      0.04 sec
    CPU time for t2 oooo      0.04 sec, wall time      0.04 sec
    CPU time for t2 vvvv      1.90 sec, wall time      1.90 sec
    CPU time for t2 voov      0.57 sec, wall time      0.57 sec
    CPU time for update t1 t2      2.61 sec, wall time      2.61 sec
diis-c [-6.18311085e-06  2.58722825e-01 -3.57595811e-01 -6.67218102e-01
  1.76609109e+00]
DIIS for step 4
cycle = 5  E_corr(CCSD) = -0.563518048351165  dE = 0.000679524955  norm(t1,t2) = 0.00422686
    CPU time for CCSD iter      2.63 sec, wall time      2.63 sec
    CPU time for intermediates      0.05 sec, wall time      0.05 sec
    CPU time for t1      0.04 sec, wall time      0.04 sec
    CPU time for t2 oooo      0.04 sec, wall time      0.04 sec
    CPU time for t2 vvvv      1.90 sec, wall time      1.90 sec
    CPU time for t2 voov      0.56 sec, wall time      0.56 sec
    CPU time for update t1 t2      2.60 sec, wall time      2.59 sec
diis-c [-8.92221975e-07 -1.36306854e-01  2.25560058e-01  2.66056786e-01
 -1.11167800e+00  1.75636801e+00]
DIIS for step 5
cycle = 6  E_corr(CCSD) = -0.563558254924621  dE = -4.02065735e-05  norm(t1,t2) = 0.00145889
    CPU time for CCSD iter      2.62 sec, wall time      2.62 sec
    CPU time for intermediates      0.05 sec, wall time      0.05 sec
    CPU time for t1      0.04 sec, wall time      0.04 sec
    CPU time for t2 oooo      0.04 sec, wall time      0.04 sec
    CPU time for t2 vvvv      1.90 sec, wall time      1.90 sec
    CPU time for t2 voov      0.57 sec, wall time      0.57 sec
    CPU time for update t1 t2      2.60 sec, wall time      2.60 sec
diis-c [-7.81734074e-08 -2.56538462e-02  2.61643025e-02  9.60180243e-02
 -2.05597653e-01 -3.77321759e-02  1.14680135e+00]
DIIS for step 6
cycle = 7  E_corr(CCSD) = -0.563628966197296  dE = -7.07112727e-05  norm(t1,t2) = 0.000398393
    CPU time for CCSD iter      2.63 sec, wall time      2.63 sec
    CPU time for intermediates      0.05 sec, wall time      0.05 sec
    CPU time for t1      0.04 sec, wall time      0.04 sec
    CPU time for t2 oooo      0.04 sec, wall time      0.04 sec
    CPU time for t2 vvvv      1.89 sec, wall time      1.89 sec
    CPU time for t2 voov      0.57 sec, wall time      0.57 sec
    CPU time for update t1 t2      2.59 sec, wall time      2.59 sec
diis-c [-9.95855799e-09  1.15482325e+00 -3.27406618e-04  1.51857796e-03
  1.30992763e-02 -5.03438867e-02 -1.18769814e-01]
DIIS for step 7
cycle = 8  E_corr(CCSD) = -0.563612625596103  dE = 1.63406012e-05  norm(t1,t2) = 0.000122586
    CPU time for CCSD iter      2.62 sec, wall time      2.62 sec
    CPU time for intermediates      0.05 sec, wall time      0.05 sec
    CPU time for t1      0.04 sec, wall time      0.04 sec
    CPU time for t2 oooo      0.04 sec, wall time      0.04 sec
    CPU time for t2 vvvv      1.90 sec, wall time      1.90 sec
    CPU time for t2 voov      0.57 sec, wall time      0.57 sec
    CPU time for update t1 t2      2.60 sec, wall time      2.60 sec
diis-c [-4.16222008e-10 -2.79088646e-01  1.33881830e+00 -2.01688768e-03
 -3.78823278e-03  3.67046132e-02 -9.06291467e-02]
DIIS for step 8
cycle = 9  E_corr(CCSD) = -0.563613443269264  dE = -8.17673161e-07  norm(t1,t2) = 4.01314e-05
    CPU time for CCSD iter      2.63 sec, wall time      2.63 sec
    CPU time for intermediates      0.05 sec, wall time      0.05 sec
    CPU time for t1      0.04 sec, wall time      0.04 sec
    CPU time for t2 oooo      0.04 sec, wall time      0.04 sec
    CPU time for t2 vvvv      1.89 sec, wall time      1.89 sec
    CPU time for t2 voov      0.57 sec, wall time      0.57 sec
    CPU time for update t1 t2      2.59 sec, wall time      2.59 sec
diis-c [-5.09000038e-11 -3.42900820e-02 -7.00562011e-02  1.09539441e+00
 -3.20833567e-04  1.32587429e-04  9.14011509e-03]
DIIS for step 9
cycle = 10  E_corr(CCSD) = -0.563613091943096  dE = 3.51326168e-07  norm(t1,t2) = 8.29261e-06
    CPU time for CCSD iter      2.62 sec, wall time      2.62 sec
    CPU time for intermediates      0.05 sec, wall time      0.05 sec
    CPU time for t1      0.04 sec, wall time      0.04 sec
    CPU time for t2 oooo      0.04 sec, wall time      0.04 sec
    CPU time for t2 vvvv      1.90 sec, wall time      1.90 sec
    CPU time for t2 voov      0.57 sec, wall time      0.57 sec
    CPU time for update t1 t2      2.60 sec, wall time      2.60 sec
diis-c [-5.21375695e-12  4.43260248e-03 -1.34009433e-02 -2.75078012e-01
  1.28233711e+00 -6.08193388e-04  2.31743890e-03]
DIIS for step 10
cycle = 11  E_corr(CCSD) = -0.563613137479835  dE = -4.55367385e-08  norm(t1,t2) = 2.87434e-06
    CPU time for CCSD iter      2.63 sec, wall time      2.63 sec
    CPU time for CCSD     28.90 sec, wall time     28.90 sec
RCCSD converged
E(RCCSD) = -152.1252184501597  E_corr = -0.5636131374798345

******** <class 'pyscf.pbc.cc.eom_kccsd_rhf.EOMEESinglet'> ********
max_space = 20
max_cycle = 50
conv_tol = 1e-07
partition = None
max_memory 4000 MB (current use 579 MB)
    CPU time for get_k_kpts: make_kpt ki>=kj (0,*)      0.11 sec, wall time      0.11 sec
    CPU time for get_j pass 1      0.02 sec, wall time      0.02 sec
    CPU time for get_j pass 2      0.01 sec, wall time      0.01 sec
    CPU time for vj and vk      0.14 sec, wall time      0.13 sec
    CPU time for vnuc pass1: analytic int     14.04 sec, wall time     14.03 sec
    CPU time for contracting Vnuc [0:10206]     20.52 sec, wall time     20.52 sec
    CPU time for contracting Vnuc     20.52 sec, wall time     20.52 sec
    CPU time for get_nuc     34.56 sec, wall time     34.56 sec
Ewald components = 0.00223450701253216, -108.84877667315, 158.222327981152
    CPU time for vnuc pass1: analytic int     13.86 sec, wall time     13.86 sec
    CPU time for contracting Vnuc [0:10206]     20.53 sec, wall time     20.52 sec
    CPU time for contracting Vnuc     20.53 sec, wall time     20.52 sec
    CPU time for get_nuc     34.39 sec, wall time     34.39 sec
E1 = -303.8138746450844  E_coul = 102.87648351739037
Monkhorst pack size [1 1 1] ew_eta 1.300962250217922 ew_cut 5.404860595575681
Ewald components = 2.45365165395438e-67, -0.734267861449051, 0.657020482851354
using incore ERI storage
    CPU time for CCSD integral transformation     72.57 sec, wall time     72.55 sec
    CPU time for EOM-CCSD shared one-electron intermediates      0.04 sec, wall time      0.04 sec
    CPU time for EOM-CCSD shared two-electron intermediates      0.35 sec, wall time      0.35 sec
    CPU time for EOM-CCSD EE intermediates      4.75 sec, wall time      4.74 sec

kshift = 0
    CPU time for EOMEE CIS approx      2.41 sec, wall time      2.40 sec
tol 1e-07  toloose 0.000316228
max_cycle 50  max_space 20  max_memory 4000  incore True
    CPU time for vector_to_amplitudes_singlet      0.01 sec, wall time      0.01 sec
    CPU time for contraction      0.79 sec, wall time      0.79 sec
    CPU time for amplitudes_to_vector_singlet      0.01 sec, wall time      0.01 sec
    CPU time for matvec EOMEE Singlet      0.81 sec, wall time      0.81 sec
davidson 0 1  |r|= 0.377  e= [0.18301476]  max|de|= 0.183  lindep=    1
    CPU time for vector_to_amplitudes_singlet      0.01 sec, wall time      0.01 sec
    CPU time for contraction      0.79 sec, wall time      0.79 sec
    CPU time for amplitudes_to_vector_singlet      0.01 sec, wall time      0.01 sec
    CPU time for matvec EOMEE Singlet      0.81 sec, wall time      0.81 sec
davidson 1 2  |r|= 0.0645  e= [0.08981193]  max|de|= -0.0932  lindep= 0.981
    CPU time for vector_to_amplitudes_singlet      0.01 sec, wall time      0.01 sec
    CPU time for contraction      0.80 sec, wall time      0.80 sec
    CPU time for amplitudes_to_vector_singlet      0.01 sec, wall time      0.01 sec
    CPU time for matvec EOMEE Singlet      0.81 sec, wall time      0.81 sec
davidson 2 3  |r|= 0.0222  e= [0.08919873]  max|de|= -0.000613  lindep= 0.991
    CPU time for vector_to_amplitudes_singlet      0.01 sec, wall time      0.01 sec
    CPU time for contraction      0.80 sec, wall time      0.80 sec
    CPU time for amplitudes_to_vector_singlet      0.00 sec, wall time      0.00 sec
    CPU time for matvec EOMEE Singlet      0.81 sec, wall time      0.81 sec
davidson 3 4  |r|= 0.00587  e= [0.08909046]  max|de|= -0.000108  lindep= 0.865
    CPU time for vector_to_amplitudes_singlet      0.01 sec, wall time      0.01 sec
    CPU time for contraction      0.80 sec, wall time      0.80 sec
    CPU time for amplitudes_to_vector_singlet      0.01 sec, wall time      0.01 sec
    CPU time for matvec EOMEE Singlet      0.82 sec, wall time      0.82 sec
davidson 4 5  |r|= 0.00161  e= [0.08902861]  max|de|= -6.18e-05  lindep= 0.707
    CPU time for vector_to_amplitudes_singlet      0.01 sec, wall time      0.01 sec
    CPU time for contraction      0.80 sec, wall time      0.80 sec
    CPU time for amplitudes_to_vector_singlet      0.01 sec, wall time      0.01 sec
    CPU time for matvec EOMEE Singlet      0.81 sec, wall time      0.81 sec
davidson 5 6  |r|= 0.000534  e= [0.08897307]  max|de|= -5.55e-05  lindep= 0.831
    CPU time for vector_to_amplitudes_singlet      0.01 sec, wall time      0.01 sec
    CPU time for contraction      0.80 sec, wall time      0.80 sec
    CPU time for amplitudes_to_vector_singlet      0.00 sec, wall time      0.00 sec
    CPU time for matvec EOMEE Singlet      0.81 sec, wall time      0.81 sec
davidson 6 7  |r|= 0.000138  e= [0.08897029]  max|de|= -2.77e-06  lindep= 0.85
    CPU time for vector_to_amplitudes_singlet      0.01 sec, wall time      0.01 sec
    CPU time for contraction      0.79 sec, wall time      0.79 sec
    CPU time for amplitudes_to_vector_singlet      0.01 sec, wall time      0.01 sec
    CPU time for matvec EOMEE Singlet      0.81 sec, wall time      0.81 sec
davidson 7 8  |r|= 3.26e-05  e= [0.08897126]  max|de|= 9.7e-07  lindep= 0.959
    CPU time for vector_to_amplitudes_singlet      0.01 sec, wall time      0.01 sec
    CPU time for contraction      0.79 sec, wall time      0.79 sec
    CPU time for amplitudes_to_vector_singlet      0.01 sec, wall time      0.01 sec
    CPU time for matvec EOMEE Singlet      0.81 sec, wall time      0.81 sec
davidson 8 9  |r|= 7.61e-06  e= [0.08897116]  max|de|= -1e-07  lindep= 0.933
    CPU time for vector_to_amplitudes_singlet      0.01 sec, wall time      0.01 sec
    CPU time for contraction      0.80 sec, wall time      0.80 sec
    CPU time for amplitudes_to_vector_singlet      0.01 sec, wall time      0.01 sec
    CPU time for matvec EOMEE Singlet      0.82 sec, wall time      0.82 sec
root 0 converged  |r|= 2.2e-06  e= 0.08897114757127705  max|de|= -1.56e-08
converged 9 10  |r|= 2.2e-06  e= [0.08897115]  max|de|= -1.56e-08
EOM-CCSD root 0 E = 0.08897114757127705  qpwt = 0.966889
    CPU time for EOM-CCSD     88.48 sec, wall time     88.46 sec
PBC KRHF Energy: -151.5616053126798
PBC KRCCSD Energy        : -0.5636131374798345
PBC EOM-EE-KRCCSD roots: array([0.08897115])
