#INFO: **** input file is /nas/longleaf/home/ryzhou/Qamuy/pyscf_result/strong/ccpvdz.py ****
#!/usr/bin/env python
#
# Author: Xiao Wang <xiaowang314159@gmail.com>
#
"""
This example first runs a closed-shell periodic EOM-EE-CCSD with K-point
sampling, a.k.a. EOM-EE-KRCCSD, for singlet excited states on one of the
three provided systems.
Then a molecular EOM-EE-RCCSD based on Gamma-point Hartree-Fock is done, where
a supercell (unit cell with its nmp replicas) is used.
Excitation energies from the two sets of calculations should match.
"""

import numpy as np
from pyscf import gto, scf, cc
from pyscf.cc import eom_rccsd as mol_eom_rccsd
from pyscf.pbc import gto, scf, cc
from pyscf.pbc.cc import eom_kccsd_rhf as eom_krccsd
from pyscf.pbc.tools.pbc import super_cell
from pyscf.cc.rccsd import RCCSD

cell = gto.Cell()
cell.verbose = 7
#cell.unit = 'B'
cell.max_memory = 4000  # MB

#
# Hydrogen crystal
#
# cell.a = np.eye(3) * 7.0
# cell.basis = 'sto-3g'
# cell.atom = '''
#     H 0.000000000000   0.000000000000   0.000000000000
#     H 0.000000000000   0.000000000000   1.400000000000
#     '''

#
# Helium crystal
#
cell.atom = '''
C -0.617   -0.32662  0.0    
C  0.617   0.32662   0.0    
H  0.617   1.40362   0.0    
H -0.617   -1.40362  0.0    
C    1.852   -0.32662  0.0    
C    3.086    0.32662  0.0    
H    3.086    1.40362  0.0    
H    1.852   -1.40362  0.0    
'''
#cell.basis = [[0, (1., 1.)], [0, (.5, 1.)]]
cell.a = '''
4.938000000, 0.0000000000, 0.00000000
0.000000000, 10.000000000, 0.00000000
0.000000000, 0.000000000, 10.000000000
'''

#
# Diamond
#
# cell.atom = '''
# C 0.000000000000   0.000000000000   0.000000000000
# C 1.685068664391   1.685068664391   1.685068664391
# '''
cell.basis = 'cc-pvdz'
# cell.pseudo = 'gth-pade'
# cell.a = '''
# 0.000000000, 3.370137329, 3.370137329
# 3.370137329, 0.000000000, 3.370137329
# 3.370137329, 3.370137329, 0.000000000'''


cell.build()

nmp = [1,1,1]

# KRHF
kpts = cell.make_kpts(nmp)
kmf = scf.KRHF(cell, kpts=kpts, exxdiv=None).density_fit()
ekrhf = kmf.kernel()
#print (kmf.mo_energy)
# KRCCSD
#cas_list=[*range(0,12)]+[*range(16,76)]
#print (cas_list)
#mycc = cc.KRCCSD(kmf,frozen=cas_list)
mycc = cc.KRCCSD(kmf)
ekrcc, t1, t2 = mycc.kernel()
nroots_test = 1
# EOM-EE-KRCCSD
myeomee = eom_krccsd.EOMEESinglet(mycc)
eee, vee = myeomee.kernel(nroots=nroots_test)


eee = np.sort(np.hstack(eee[:]))

print("PBC KRHF Energy:", ekrhf)
print("PBC KRCCSD Energy        :", ekrcc)
print("PBC EOM-EE-KRCCSD roots:", repr(eee))
#INFO: ******************** input file end ********************


System: uname_result(system='Linux', node='c-206-19', release='3.10.0-514.el7.x86_64', version='#1 SMP Wed Oct 19 11:24:13 EDT 2016', machine='x86_64')  Threads 1
Python 3.9.5 (default, Jun  4 2021, 12:28:51) 
[GCC 7.5.0]
numpy 1.21.2  scipy 1.7.1
Date: Wed May 18 12:13:59 2022
PySCF version 2.0.1
PySCF path  /nas/longleaf/home/ryzhou/miniconda3/lib/python3.9/site-packages/pyscf

[CONFIG] DEBUG = False
[CONFIG] MAX_MEMORY = 4000
[CONFIG] TMPDIR = /tmp
[CONFIG] UNIT = angstrom
[CONFIG] VERBOSE = 3
[CONFIG] conf_file = None
[INPUT] verbose = 7
[INPUT] max_memory = 4000 
[INPUT] num. atoms = 8
[INPUT] num. electrons = 28
[INPUT] charge = 0
[INPUT] spin (= nelec alpha-beta = 2S) = 0
[INPUT] symmetry False subgroup None
[INPUT] Mole.unit = angstrom
[INPUT]  1 C     -0.617000000000  -0.326620000000   0.000000000000 AA   -1.165961018857  -0.617222346805   0.000000000000 Bohr
[INPUT]  2 C      0.617000000000   0.326620000000   0.000000000000 AA    1.165961018857   0.617222346805   0.000000000000 Bohr
[INPUT]  3 H      0.617000000000   1.403620000000   0.000000000000 AA    1.165961018857   2.652457382962   0.000000000000 Bohr
[INPUT]  4 H     -0.617000000000  -1.403620000000   0.000000000000 AA   -1.165961018857  -2.652457382962   0.000000000000 Bohr
[INPUT]  5 C      1.852000000000  -0.326620000000   0.000000000000 AA    3.499772782694  -0.617222346805   0.000000000000 Bohr
[INPUT]  6 C      3.086000000000   0.326620000000   0.000000000000 AA    5.831694820408   0.617222346805   0.000000000000 Bohr
[INPUT]  7 H      3.086000000000   1.403620000000   0.000000000000 AA    5.831694820408   2.652457382962   0.000000000000 Bohr
[INPUT]  8 H      1.852000000000  -1.403620000000   0.000000000000 AA    3.499772782694  -2.652457382962   0.000000000000 Bohr
[INPUT] ---------------- BASIS SET ---------------- 
[INPUT] l, kappa, [nprim/nctr], expnt,             c_1 c_2 ...
[INPUT] C
[INPUT] 0    0    [8    /2   ]  6665              0.000692 -0.000146
                                1000              0.005329 -0.001154
                                228               0.027077 -0.005725
                                64.71             0.101718 -0.023312
                                21.06             0.27474 -0.063955
                                7.495             0.448564 -0.149981
                                2.797             0.285074 -0.127262
                                0.5215            0.015204 0.544529
[INPUT] 0    0    [1    /1   ]  0.1596               1
[INPUT] 1    0    [3    /1   ]  9.439             0.038109
                                2.002             0.20948
                                0.5456            0.508557
[INPUT] 1    0    [1    /1   ]  0.1517               1
[INPUT] 2    0    [1    /1   ]  0.55                 1
[INPUT] H
[INPUT] 0    0    [3    /1   ]  13.01             0.019685
                                1.962             0.137977
                                0.4446            0.478148
[INPUT] 0    0    [1    /1   ]  0.122                1
[INPUT] 1    0    [1    /1   ]  0.727                1

Ewald components = 0.0021968236688312, -108.84877667315, 158.130927142517
nuclear repulsion = 49.2843472930355
number of shells = 32
number of NR pGTOs = 132
number of NR cGTOs = 76
basis = cc-pvdz
ecp = {}
bas 0, expnt(s) = [6.665e+03 1.000e+03 2.280e+02 6.471e+01 2.106e+01 7.495e+00 2.797e+00
 5.215e-01]
bas 1, expnt(s) = [0.1596]
bas 2, expnt(s) = [9.439  2.002  0.5456]
bas 3, expnt(s) = [0.1517]
bas 4, expnt(s) = [0.55]
bas 5, expnt(s) = [6.665e+03 1.000e+03 2.280e+02 6.471e+01 2.106e+01 7.495e+00 2.797e+00
 5.215e-01]
bas 6, expnt(s) = [0.1596]
bas 7, expnt(s) = [9.439  2.002  0.5456]
bas 8, expnt(s) = [0.1517]
bas 9, expnt(s) = [0.55]
bas 10, expnt(s) = [13.01    1.962   0.4446]
bas 11, expnt(s) = [0.122]
bas 12, expnt(s) = [0.727]
bas 13, expnt(s) = [13.01    1.962   0.4446]
bas 14, expnt(s) = [0.122]
bas 15, expnt(s) = [0.727]
bas 16, expnt(s) = [6.665e+03 1.000e+03 2.280e+02 6.471e+01 2.106e+01 7.495e+00 2.797e+00
 5.215e-01]
bas 17, expnt(s) = [0.1596]
bas 18, expnt(s) = [9.439  2.002  0.5456]
bas 19, expnt(s) = [0.1517]
bas 20, expnt(s) = [0.55]
bas 21, expnt(s) = [6.665e+03 1.000e+03 2.280e+02 6.471e+01 2.106e+01 7.495e+00 2.797e+00
 5.215e-01]
bas 22, expnt(s) = [0.1596]
bas 23, expnt(s) = [9.439  2.002  0.5456]
bas 24, expnt(s) = [0.1517]
bas 25, expnt(s) = [0.55]
bas 26, expnt(s) = [13.01    1.962   0.4446]
bas 27, expnt(s) = [0.122]
bas 28, expnt(s) = [0.727]
bas 29, expnt(s) = [13.01    1.962   0.4446]
bas 30, expnt(s) = [0.122]
bas 31, expnt(s) = [0.727]
CPU time:         0.92
lattice vectors  a1 [9.331467603, 0.000000000, 0.000000000]
                 a2 [0.000000000, 18.897261246, 0.000000000]
                 a3 [0.000000000, 0.000000000, 18.897261246]
dimension = 3
low_dim_ft_type = None
Cell volume = 3332.33
rcut = 20.089801000471617 (nimgs = [3 2 2])
lattice sum = 112 cells
precision = 1e-08
pseudo = None
ke_cutoff = 98708.05082920736
    = [1320 2673 2673] mesh (9431306280 PWs)


******** <class 'pyscf.pbc.scf.khf.KRHF'> ********
method = KRHF-KSCF-RHF-SCF-RHF
initial guess = minao
damping factor = 0
level_shift factor = 0
DIIS = <class 'pyscf.scf.diis.CDIIS'>
diis_start_cycle = 1
diis_space = 8
SCF conv_tol = 1e-07
SCF conv_tol_grad = None
SCF max_cycles = 50
direct_scf = True
direct_scf_tol = 1e-13
chkfile to save SCF result = /tmp/tmpj430f62m
max_memory 4000 MB (current use 124 MB)


******** PBC SCF flags ********
N kpts = 1
kpts = [[0. 0. 0.]]
Exchange divergence treatment (exxdiv) = None
DF object = <pyscf.pbc.df.df.GDF object at 0x2b9c4da87ee0>
Set gradient conv threshold to 0.000316228
Big error detected in the electron number of initial guess density matrix (Ne/cell = 28.0117)!
  This can cause huge error in Fock matrix and lead to instability in SCF for low-dimensional systems.
  DM is normalized wrt the number of electrons 28.0
    CPU time for vnuc pass1: analytic int     13.81 sec, wall time     13.81 sec
    CPU time for contracting Vnuc [0:10206]     20.55 sec, wall time     20.55 sec
    CPU time for contracting Vnuc     20.55 sec, wall time     20.55 sec
    CPU time for get_nuc     34.37 sec, wall time     34.37 sec


******** <class 'pyscf.pbc.df.df.GDF'> ********
mesh = [15, 27, 27] (10935 PWs)
auxbasis = None
eta = 0.2
exp_to_discard = None
_cderi_to_save = /tmp/tmpvioi6juo
len(kpts) = 1
    kpts = [[0. 0. 0.]]
Default auxbasis cc-pvdz-jkfit is used for C cc-pvdz
Default auxbasis cc-pvdz-jkfit is used for H cc-pvdz
num shells = 132, num cGTOs = 372
Drop 0 primitive fitting functions
make aux basis, num shells = 132, num cGTOs = 372
auxcell.rcut 13.893106626891408
make compensating basis, num shells = 28, num cGTOs = 100
chgcell.rcut 11.482117703874595
    CPU time for 3c2e    167.14 sec, wall time    167.15 sec
Num uniq kpts 1
uniq_kpts [[0. 0. 0.]]
max_memory 3812.861952 (MB)  blocksize 252440
Cholesky decomposition for j2c at kpt 0
Symmetry pattern (k - [0. 0. 0.])*a= 2n pi
    make_kpt for uniq_kptji_ids [0]
kpt = [0. 0. 0.]
adapted_ji_idx = [0]
memory = 198.033408
int3c2e [1/1], AO [0:32], ncol = 2926
Symmetry pattern (k + [0. 0. 0.])*a= 2n pi
    make_kpt for [0]
    CPU time for j3c    190.89 sec, wall time    190.91 sec
    CPU time for Init get_k_kpts    190.91 sec, wall time    190.94 sec
    CPU time for get_k_kpts: make_kpt ki>=kj (0,*)      0.12 sec, wall time      0.12 sec
    CPU time for get_j pass 1      0.02 sec, wall time      0.02 sec
    CPU time for get_j pass 2      0.01 sec, wall time      0.01 sec
    CPU time for vj and vk    191.06 sec, wall time    191.08 sec
Ewald components = 0.0021968236688312, -108.84877667315, 158.130927142517
E1 = -302.46567625324474  E_coul = 100.57259621737285
init E= -152.608732742836
cond(S) = [3296.72456885]
    CPU time for initialize scf    225.92 sec, wall time    225.95 sec
HOMO = -0.0174475460016  LUMO = -0.0170606855265

WARN: HOMO -0.0174475460016 == LUMO -0.0170606855265

     k-point                  mo_energy
   0 ( 0.000  0.000  0.000)   [-11.13250428 -11.12874362 -11.128584   -11.12647294  -1.25591237
  -0.86004731  -0.85985571  -0.64256604  -0.37543329  -0.37532408
  -0.29802203  -0.2666889   -0.24876041  -0.01744755] [-0.01706069  0.18618624  0.22217282  0.25462296  0.32783197  0.32788582
  0.35047096  0.45387606  0.45387811  0.6073162   0.65593564  0.69009779
  0.71302092  0.7399097   0.76562807  0.76605272  0.84575975  0.84590144
  0.89322544  0.89486221  0.96897501  0.96912941  1.14702929  1.14733162
  1.19183724  1.19232764  1.23276007  1.233995    1.23416495  1.26058886
  1.31755478  1.33196652  1.35062145  1.53113788  1.60818713  1.66494018
  1.77556576  1.77560182  1.86077828  1.86081512  1.87706198  1.926715
  1.94445743  2.05065171  2.05066901  2.1113129   2.24973697  2.28904051
  2.29574111  2.29589069  2.42006484  2.42009412  2.47459325  2.51391654
  2.63556548  2.6521953   2.66145817  2.66175924  3.00981941  3.35892271
  3.35913355  3.41779728]
    CPU time for get_k_kpts: make_kpt ki>=kj (0,*)      0.12 sec, wall time      0.11 sec
    CPU time for get_j pass 1      0.02 sec, wall time      0.02 sec
    CPU time for get_j pass 2      0.01 sec, wall time      0.01 sec
    CPU time for vj and vk      0.15 sec, wall time      0.14 sec
Ewald components = 0.0021968236688312, -108.84877667315, 158.130927142517
E1 = -303.39991293131476  E_coul = 102.61900144982364
cycle= 1 E= -151.496564188456  delta_E= 1.11  |g|= 0.288  |ddm|= 2.89
    CPU time for cycle= 1      0.55 sec, wall time      0.54 sec
diis-norm(errvec)=0.668905
diis-c [-0.44743428  1.        ]
HOMO = -0.0740296861958  LUMO = 0.0874851882369
     k-point                  mo_energy
   0 ( 0.000  0.000  0.000)   [-11.05577142 -11.05482007 -11.05374995 -11.05268736  -0.94727157
  -0.74317452  -0.73477873  -0.59505184  -0.41664612  -0.41555302
  -0.35113253  -0.30837185  -0.2908064   -0.07402969] [0.08748519 0.19757083 0.25219022 0.27618291 0.36098217 0.36474109
 0.45732249 0.45985799 0.46986188 0.66235864 0.69212769 0.72508444
 0.77871536 0.79465595 0.79687617 0.81224957 0.88361664 0.88998863
 0.92498628 0.93726821 1.02820291 1.02914792 1.17643262 1.18930492
 1.23942904 1.24087811 1.25747022 1.2610197  1.27338819 1.29788419
 1.35153012 1.36461606 1.3801397  1.57412238 1.65378092 1.71069806
 1.82144904 1.82147181 1.89367347 1.89539301 1.91262666 1.94865813
 1.99336605 2.08061903 2.08268858 2.16426666 2.28473594 2.31612933
 2.34374736 2.34502974 2.46548556 2.46913333 2.5321043  2.5544921
 2.68437194 2.69717928 2.70114554 2.70274954 3.05567625 3.40797448
 3.41111203 3.48274639]
    CPU time for get_k_kpts: make_kpt ki>=kj (0,*)      0.12 sec, wall time      0.11 sec
    CPU time for get_j pass 1      0.02 sec, wall time      0.02 sec
    CPU time for get_j pass 2      0.01 sec, wall time      0.01 sec
    CPU time for vj and vk      0.14 sec, wall time      0.14 sec
Ewald components = 0.0021968236688312, -108.84877667315, 158.130927142517
E1 = -303.5618929607221  E_coul = 102.75080444377642
cycle= 2 E= -151.52674122391  delta_E= -0.0302  |g|= 0.0536  |ddm|= 0.434
    CPU time for cycle= 2      0.55 sec, wall time      0.54 sec
diis-norm(errvec)=0.123348
diis-c [-0.00416679 -0.18746919  1.18746919]
HOMO = -0.071796712355  LUMO = 0.095580872429
     k-point                  mo_energy
   0 ( 0.000  0.000  0.000)   [-11.04792061 -11.04692752 -11.04499524 -11.043937    -0.93692805
  -0.73379594  -0.72842899  -0.58583605  -0.41544642  -0.41313341
  -0.35188088  -0.3109578   -0.28686086  -0.07179671] [0.09558087 0.20537919 0.25457818 0.28197665 0.37057704 0.37401316
 0.46068023 0.46348213 0.47854315 0.67170545 0.69470043 0.72714634
 0.78428747 0.79909855 0.8084632  0.81632598 0.88566024 0.89306705
 0.92834405 0.94415901 1.03505111 1.03547133 1.18249392 1.19513149
 1.24443541 1.24475673 1.26314153 1.26720582 1.27826492 1.30045886
 1.36087725 1.36965289 1.38815997 1.57819425 1.6577601  1.71431837
 1.82929211 1.82935868 1.90216577 1.90343697 1.91840806 1.95916708
 2.0019468  2.08964212 2.09135095 2.16775181 2.2925236  2.32451152
 2.34957926 2.35063149 2.47067306 2.47369816 2.53857759 2.56643448
 2.69292143 2.70663754 2.71025613 2.71461112 3.06591879 3.41703361
 3.41923973 3.49121346]
    CPU time for get_k_kpts: make_kpt ki>=kj (0,*)      0.12 sec, wall time      0.12 sec
    CPU time for get_j pass 1      0.02 sec, wall time      0.02 sec
    CPU time for get_j pass 2      0.01 sec, wall time      0.01 sec
    CPU time for vj and vk      0.15 sec, wall time      0.14 sec
Ewald components = 0.0021968236688312, -108.84877667315, 158.130927142517
E1 = -303.50737554308284  E_coul = 102.69516090668357
cycle= 3 E= -151.527867343364  delta_E= -0.00113  |g|= 0.00704  |ddm|= 0.0983
    CPU time for cycle= 3      0.55 sec, wall time      0.55 sec
diis-norm(errvec)=0.0163459
diis-c [-2.03783960e-04 -2.38628587e-02  9.53328191e-02  9.28530040e-01]
HOMO = -0.0730311787209  LUMO = 0.0940401820007
     k-point                  mo_energy
   0 ( 0.000  0.000  0.000)   [-11.05239624 -11.05139921 -11.04933322 -11.04827447  -0.9388069
  -0.73634599  -0.72979533  -0.58742593  -0.41745058  -0.41515456
  -0.35441935  -0.31300203  -0.28821096  -0.07303118] [0.09404018 0.2049348  0.25403504 0.28097222 0.36972436 0.37323004
 0.45994611 0.46280691 0.47669314 0.66974933 0.69374367 0.72571347
 0.78268342 0.79766404 0.80716977 0.81486008 0.88487293 0.89180044
 0.92695045 0.94267358 1.03304553 1.03347109 1.18084834 1.19337367
 1.24291717 1.24339031 1.2616434  1.26547695 1.27702613 1.29856436
 1.35982556 1.36815214 1.38664723 1.57672644 1.65633567 1.71325859
 1.82765392 1.82776964 1.90080309 1.90211529 1.91703208 1.95809317
 2.00002918 2.08827898 2.09000188 2.16592217 2.29112386 2.32334324
 2.34761027 2.34872112 2.46898425 2.47217277 2.53631063 2.56453006
 2.69093055 2.70469952 2.7084017  2.71301902 3.0641781  3.41486742
 3.41722219 3.48915407]
    CPU time for get_k_kpts: make_kpt ki>=kj (0,*)      0.12 sec, wall time      0.12 sec
    CPU time for get_j pass 1      0.02 sec, wall time      0.02 sec
    CPU time for get_j pass 2      0.01 sec, wall time      0.01 sec
    CPU time for vj and vk      0.15 sec, wall time      0.14 sec
Ewald components = 0.0021968236688312, -108.84877667315, 158.130927142517
E1 = -303.5343990843118  E_coul = 102.72217613912179
cycle= 4 E= -151.527875652155  delta_E= -8.31e-06  |g|= 0.00534  |ddm|= 0.0122
    CPU time for cycle= 4      0.55 sec, wall time      0.54 sec
diis-norm(errvec)=0.0127953
diis-c [-1.97084991e-05 -3.83323693e-03 -4.15714313e-03  4.54748756e-01
  5.53241624e-01]
HOMO = -0.072752698545  LUMO = 0.0943078357145
     k-point                  mo_energy
   0 ( 0.000  0.000  0.000)   [-11.05106445 -11.05010429 -11.04974917 -11.04865237  -0.93851946
  -0.73607152  -0.72947214  -0.58732954  -0.41733762  -0.41504411
  -0.35405067  -0.31295969  -0.28793936  -0.0727527 ] [0.09430784 0.20494359 0.25399076 0.28112817 0.36976388 0.37326795
 0.45992604 0.46279702 0.47694925 0.67000326 0.69398106 0.72588484
 0.78295814 0.79784547 0.80723375 0.81501308 0.8851015  0.89201819
 0.92705924 0.94274894 1.0332192  1.03364188 1.18103373 1.19354008
 1.24309043 1.24353572 1.26173403 1.26560963 1.27721029 1.29886425
 1.3598561  1.36825722 1.3867249  1.57693292 1.65655526 1.71343867
 1.8278147  1.8279417  1.90089293 1.90220043 1.91716501 1.95809218
 2.00015918 2.08833782 2.09006591 2.1661645  2.29121831 2.32338048
 2.34781327 2.34892475 2.46918913 2.47238527 2.53659475 2.56460356
 2.69107824 2.70490627 2.70843149 2.71305704 3.06428645 3.41502479
 3.41738693 3.48942684]
    CPU time for get_k_kpts: make_kpt ki>=kj (0,*)      0.12 sec, wall time      0.12 sec
    CPU time for get_j pass 1      0.02 sec, wall time      0.02 sec
    CPU time for get_j pass 2      0.01 sec, wall time      0.01 sec
    CPU time for vj and vk      0.15 sec, wall time      0.14 sec
Ewald components = 0.0021968236688312, -108.84877667315, 158.130927142517
E1 = -303.53014331082335  E_coul = 102.71791325750462
cycle= 5 E= -151.527882760283  delta_E= -7.11e-06  |g|= 0.000926  |ddm|= 0.00494
    CPU time for cycle= 5      0.55 sec, wall time      0.54 sec
diis-norm(errvec)=0.00215941
diis-c [-1.33411761e-06  9.60215596e-04 -8.94467777e-03  3.39172415e-02
  1.50396055e-01  8.23671165e-01]
HOMO = -0.0725468535953  LUMO = 0.0945280191987
     k-point                  mo_energy
   0 ( 0.000  0.000  0.000)   [-11.05060567 -11.04964859 -11.04935748 -11.04825703  -0.93829094
  -0.73580754  -0.72925097  -0.58721064  -0.4171986   -0.41490866
  -0.35373515  -0.31287116  -0.28772743  -0.07254685] [0.09452802 0.20497133 0.25398206 0.28125936 0.36982547 0.37332161
 0.45994073 0.46281569 0.4771508  0.6702323  0.69415951 0.72603125
 0.78317873 0.79800375 0.80732618 0.81515846 0.88526742 0.89219866
 0.92717146 0.94284937 1.03339232 1.03381316 1.18120551 1.1937062
 1.24324344 1.24366515 1.26184784 1.26575703 1.27735659 1.29910727
 1.35992142 1.36837807 1.38683495 1.57710819 1.65673516 1.71358132
 1.8279705  1.8281018  1.90100283 1.90230536 1.91729799 1.95814254
 2.00030606 2.08843031 2.09016005 2.16637275 2.2913306  2.3234535
 2.34800689 2.34911341 2.46937309 2.47256406 2.53683963 2.56472407
 2.69123658 2.70509511 2.70853265 2.71314766 3.06442178 3.41520122
 3.41755648 3.48965968]
    CPU time for get_k_kpts: make_kpt ki>=kj (0,*)      0.11 sec, wall time      0.11 sec
    CPU time for get_j pass 1      0.02 sec, wall time      0.02 sec
    CPU time for get_j pass 2      0.01 sec, wall time      0.01 sec
    CPU time for vj and vk      0.14 sec, wall time      0.14 sec
Ewald components = 0.0021968236688312, -108.84877667315, 158.130927142517
E1 = -303.52689410526693  E_coul = 102.7146638174392
cycle= 6 E= -151.527882994792  delta_E= -2.35e-07  |g|= 0.000192  |ddm|= 0.00101
    CPU time for cycle= 6      0.54 sec, wall time      0.54 sec
diis-norm(errvec)=0.000432159
diis-c [-2.26490218e-08  6.37252718e-04 -2.52028891e-03 -2.55259281e-02
 -9.20363362e-03  1.69162364e-01  8.67450234e-01]
HOMO = -0.0725920843316  LUMO = 0.0944845257835
     k-point                  mo_energy
   0 ( 0.000  0.000  0.000)   [-11.05071835 -11.04976135 -11.04947091 -11.04837041  -0.93835455
  -0.73586624  -0.72931716  -0.58724086  -0.41723996  -0.41495041
  -0.35380059  -0.31291617  -0.28776913  -0.07259208] [0.09448453 0.20496807 0.25397501 0.28123165 0.36981379 0.37330721
 0.4599305  0.46280565 0.47708281 0.67018699 0.69412818 0.72598882
 0.78313078 0.79796952 0.80730077 0.81512372 0.88523675 0.89216426
 0.92713832 0.94282127 1.03334225 1.03376409 1.18116668 1.19366798
 1.24320033 1.24362652 1.26182104 1.26572349 1.27731453 1.29904896
 1.3599093  1.36834879 1.38681166 1.57706729 1.65669269 1.71354687
 1.82793143 1.82806237 1.90098035 1.90228262 1.91726841 1.95813452
 2.00026486 2.08841005 2.09013887 2.16632199 2.29130509 2.32343952
 2.34795965 2.34906496 2.46932966 2.47251974 2.5367749  2.56469434
 2.69119266 2.70504737 2.70851112 2.71312354 3.06439135 3.41515684
 3.41750979 3.48960002]
    CPU time for get_k_kpts: make_kpt ki>=kj (0,*)      0.11 sec, wall time      0.11 sec
    CPU time for get_j pass 1      0.02 sec, wall time      0.02 sec
    CPU time for get_j pass 2      0.01 sec, wall time      0.01 sec
    CPU time for vj and vk      0.14 sec, wall time      0.13 sec
Ewald components = 0.0021968236688312, -108.84877667315, 158.130927142517
E1 = -303.5279169648375  E_coul = 102.71568666549747
cycle= 7 E= -151.527883006305  delta_E= -1.15e-08  |g|= 1.43e-05  |ddm|= 0.000258
    CPU time for cycle= 7      0.54 sec, wall time      0.54 sec
HOMO = -0.0725865643145  LUMO = 0.0944891731264
     k-point                  mo_energy
   0 ( 0.000  0.000  0.000)   [-11.05070703 -11.04975003 -11.0494596  -11.0483591   -0.93834914
  -0.73586137  -0.72931028  -0.58723709  -0.41723562  -0.41494682
  -0.35379225  -0.31291305  -0.28776386  -0.07258656] [0.09448917 0.20496955 0.25397556 0.28123497 0.36981651 0.37331
 0.45993183 0.46280707 0.47708799 0.67019361 0.69413217 0.7259925
 0.78313624 0.79797421 0.80730495 0.81512844 0.88524075 0.89216804
 0.92714144 0.94282461 1.03334739 1.03376956 1.18117134 1.19367285
 1.24320444 1.24363045 1.26182509 1.26572713 1.27731941 1.29905457
 1.35991255 1.36835307 1.38681567 1.57707194 1.65669736 1.71355029
 1.82793638 1.82806743 1.9009842  1.90228668 1.91727241 1.95813769
 2.00027021 2.08841375 2.09014271 2.16632717 2.29130913 2.32344279
 2.34796512 2.34907058 2.46933449 2.47252485 2.53678201 2.56469949
 2.69119798 2.7050527  2.70851546 2.71312846 3.06439628 3.41516237
 3.4175157  3.48960689]
    CPU time for get_k_kpts: make_kpt ki>=kj (0,*)      0.11 sec, wall time      0.11 sec
    CPU time for get_j pass 1      0.02 sec, wall time      0.02 sec
    CPU time for get_j pass 2      0.01 sec, wall time      0.01 sec
    CPU time for vj and vk      0.14 sec, wall time      0.13 sec
Ewald components = 0.0021968236688312, -108.84877667315, 158.130927142517
E1 = -303.5278502896594  E_coul = 102.71561999025033
Extra cycle  E= -151.527883006374  delta_E= -6.9e-11  |g|= 4.67e-06  |ddm|= 2.32e-05
    CPU time for scf_cycle    230.29 sec, wall time    230.27 sec
    CPU time for SCF    230.29 sec, wall time    230.27 sec
converged SCF energy = -151.527883006374

******** <class 'pyscf.pbc.cc.kccsd_rhf.RCCSD'> ********
CC2 = 0
CCSD nocc = 14, nmo = 76
max_cycle = 50
direct = 1
conv_tol = 1e-07
conv_tol_normt = 1e-05
diis_space = 6
diis_start_cycle = 0
diis_start_energy_diff = 1e+09
max_memory 4000 MB (current use 272 MB)
    CPU time for get_k_kpts: make_kpt ki>=kj (0,*)      0.11 sec, wall time      0.11 sec
    CPU time for get_j pass 1      0.02 sec, wall time      0.02 sec
    CPU time for get_j pass 2      0.01 sec, wall time      0.01 sec
    CPU time for vj and vk      0.14 sec, wall time      0.14 sec
    CPU time for vnuc pass1: analytic int     13.82 sec, wall time     13.82 sec
    CPU time for contracting Vnuc [0:10206]     20.57 sec, wall time     20.58 sec
    CPU time for contracting Vnuc     20.57 sec, wall time     20.58 sec
    CPU time for get_nuc     34.40 sec, wall time     34.40 sec
Ewald components = 0.0021968236688312, -108.84877667315, 158.130927142517
    CPU time for vnuc pass1: analytic int     14.00 sec, wall time     14.00 sec
    CPU time for contracting Vnuc [0:10206]     20.57 sec, wall time     20.58 sec
    CPU time for contracting Vnuc     20.57 sec, wall time     20.58 sec
    CPU time for get_nuc     34.58 sec, wall time     34.58 sec
E1 = -303.5278502896594  E_coul = 102.71561999025033
Monkhorst pack size [1 1 1] ew_eta 1.300962250217922 ew_cut 5.404860595575681
Ewald components = 2.45365165395438e-67, -0.734267861449051, 0.657020482851354
using incore ERI storage
    CPU time for CCSD integral transformation     72.65 sec, wall time     72.63 sec
Init t2, MP2 energy (with fock eigenvalue shift) = -0.530053556939575
    CPU time for init mp2      0.01 sec, wall time      0.01 sec
Init E_corr(CCSD) = -0.530053556939575
    CPU time for intermediates      0.06 sec, wall time      0.06 sec
    CPU time for t1      0.06 sec, wall time      0.06 sec
    CPU time for t2 oooo      0.04 sec, wall time      0.04 sec
    CPU time for t2 vvvv      2.03 sec, wall time      2.03 sec
    CPU time for t2 voov      0.58 sec, wall time      0.58 sec
    CPU time for update t1 t2      2.76 sec, wall time      2.76 sec
DIIS for step 0
cycle = 1  E_corr(CCSD) = -0.547392328965533  dE = -0.017338772  norm(t1,t2) = 0.0780661
    CPU time for CCSD iter      2.78 sec, wall time      2.78 sec
    CPU time for intermediates      0.06 sec, wall time      0.06 sec
    CPU time for t1      0.05 sec, wall time      0.05 sec
    CPU time for t2 oooo      0.04 sec, wall time      0.04 sec
    CPU time for t2 vvvv      2.02 sec, wall time      2.02 sec
    CPU time for t2 voov      0.57 sec, wall time      0.57 sec
    CPU time for update t1 t2      2.74 sec, wall time      2.74 sec
diis-c [-0.00168558  1.        ]
DIIS for step 1
cycle = 2  E_corr(CCSD) = -0.562943265843041  dE = -0.0155509369  norm(t1,t2) = 0.0410558
    CPU time for CCSD iter      2.76 sec, wall time      2.76 sec
    CPU time for intermediates      0.06 sec, wall time      0.06 sec
    CPU time for t1      0.05 sec, wall time      0.05 sec
    CPU time for t2 oooo      0.04 sec, wall time      0.04 sec
    CPU time for t2 vvvv      2.09 sec, wall time      2.09 sec
    CPU time for t2 voov      0.57 sec, wall time      0.57 sec
    CPU time for update t1 t2      2.82 sec, wall time      2.82 sec
diis-c [-4.37615938e-04 -9.16584742e-01  1.91658474e+00]
DIIS for step 2
cycle = 3  E_corr(CCSD) = -0.569054076287749  dE = -0.00611081044  norm(t1,t2) = 0.0268894
    CPU time for CCSD iter      2.84 sec, wall time      2.84 sec
    CPU time for intermediates      0.06 sec, wall time      0.06 sec
    CPU time for t1      0.05 sec, wall time      0.05 sec
    CPU time for t2 oooo      0.04 sec, wall time      0.04 sec
    CPU time for t2 vvvv      2.02 sec, wall time      2.02 sec
    CPU time for t2 voov      0.57 sec, wall time      0.57 sec
    CPU time for update t1 t2      2.75 sec, wall time      2.75 sec
diis-c [-1.74184676e-04  2.73537114e-02 -6.88736028e-01  1.66138232e+00]
DIIS for step 3
cycle = 4  E_corr(CCSD) = -0.572719121862209  dE = -0.00366504557  norm(t1,t2) = 0.0160367
    CPU time for CCSD iter      2.77 sec, wall time      2.77 sec
    CPU time for intermediates      0.06 sec, wall time      0.06 sec
    CPU time for t1      0.05 sec, wall time      0.05 sec
    CPU time for t2 oooo      0.04 sec, wall time      0.04 sec
    CPU time for t2 vvvv      2.02 sec, wall time      2.02 sec
    CPU time for t2 voov      0.58 sec, wall time      0.58 sec
    CPU time for update t1 t2      2.75 sec, wall time      2.75 sec
diis-c [-2.57407585e-05  4.71588709e-01 -5.34008725e-01 -9.90206919e-01
  2.05262693e+00]
DIIS for step 4
cycle = 5  E_corr(CCSD) = -0.571665516130262  dE = 0.00105360573  norm(t1,t2) = 0.00884325
    CPU time for CCSD iter      2.77 sec, wall time      2.77 sec
    CPU time for intermediates      0.06 sec, wall time      0.06 sec
    CPU time for t1      0.05 sec, wall time      0.05 sec
    CPU time for t2 oooo      0.04 sec, wall time      0.04 sec
    CPU time for t2 vvvv      2.06 sec, wall time      2.06 sec
    CPU time for t2 voov      0.59 sec, wall time      0.59 sec
    CPU time for update t1 t2      2.80 sec, wall time      2.80 sec
diis-c [-3.16579461e-06 -2.91161330e-01  3.70747784e-01  5.40245003e-01
 -1.57262668e+00  1.95279522e+00]
DIIS for step 5
cycle = 6  E_corr(CCSD) = -0.572007277617227  dE = -0.000341761487  norm(t1,t2) = 0.00318656
    CPU time for CCSD iter      2.83 sec, wall time      2.83 sec
    CPU time for intermediates      0.06 sec, wall time      0.06 sec
    CPU time for t1      0.06 sec, wall time      0.06 sec
    CPU time for t2 oooo      0.04 sec, wall time      0.04 sec
    CPU time for t2 vvvv      2.05 sec, wall time      2.05 sec
    CPU time for t2 voov      0.59 sec, wall time      0.59 sec
    CPU time for update t1 t2      2.81 sec, wall time      2.81 sec
diis-c [-3.10260929e-07 -3.82603432e-02  2.95860542e-02  1.28019790e-01
 -1.97204965e-01 -1.93592117e-02  1.09721868e+00]
DIIS for step 6
cycle = 7  E_corr(CCSD) = -0.572103145898161  dE = -9.58682809e-05  norm(t1,t2) = 0.000719381
    CPU time for CCSD iter      2.84 sec, wall time      2.84 sec
    CPU time for intermediates      0.06 sec, wall time      0.06 sec
    CPU time for t1      0.06 sec, wall time      0.06 sec
    CPU time for t2 oooo      0.04 sec, wall time      0.04 sec
    CPU time for t2 vvvv      2.02 sec, wall time      2.02 sec
    CPU time for t2 voov      0.58 sec, wall time      0.59 sec
    CPU time for update t1 t2      2.78 sec, wall time      2.78 sec
diis-c [-4.04144953e-08  1.16494479e+00  9.61788838e-05  9.96221433e-04
  1.21469174e-02 -4.75659427e-02 -1.30618163e-01]
DIIS for step 7
cycle = 8  E_corr(CCSD) = -0.572066519978012  dE = 3.66259201e-05  norm(t1,t2) = 0.00024589
    CPU time for CCSD iter      2.81 sec, wall time      2.81 sec
    CPU time for intermediates      0.06 sec, wall time      0.06 sec
    CPU time for t1      0.07 sec, wall time      0.07 sec
    CPU time for t2 oooo      0.04 sec, wall time      0.04 sec
    CPU time for t2 vvvv      2.01 sec, wall time      2.01 sec
    CPU time for t2 voov      0.58 sec, wall time      0.58 sec
    CPU time for update t1 t2      2.77 sec, wall time      2.77 sec
diis-c [-1.62767972e-09 -2.24388108e-01  1.31142877e+00 -4.84865643e-03
 -4.23770327e-03  3.75744818e-02 -1.15528783e-01]
DIIS for step 8
cycle = 9  E_corr(CCSD) = -0.572071362805791  dE = -4.84282778e-06  norm(t1,t2) = 8.4675e-05
    CPU time for CCSD iter      2.80 sec, wall time      2.80 sec
    CPU time for intermediates      0.06 sec, wall time      0.06 sec
    CPU time for t1      0.07 sec, wall time      0.07 sec
    CPU time for t2 oooo      0.04 sec, wall time      0.04 sec
    CPU time for t2 vvvv      2.06 sec, wall time      2.06 sec
    CPU time for t2 voov      0.58 sec, wall time      0.58 sec
    CPU time for update t1 t2      2.81 sec, wall time      2.81 sec
diis-c [-2.03557109e-10 -2.88030872e-02 -7.62585925e-02  1.09661098e+00
  2.47449780e-04 -1.11692781e-04  8.31493789e-03]
DIIS for step 9
cycle = 10  E_corr(CCSD) = -0.572072147559826  dE = -7.84754036e-07  norm(t1,t2) = 1.63365e-05
    CPU time for CCSD iter      2.84 sec, wall time      2.84 sec
    CPU time for intermediates      0.06 sec, wall time      0.06 sec
    CPU time for t1      0.06 sec, wall time      0.06 sec
    CPU time for t2 oooo      0.04 sec, wall time      0.04 sec
    CPU time for t2 vvvv      2.02 sec, wall time      2.02 sec
    CPU time for t2 voov      0.58 sec, wall time      0.58 sec
    CPU time for update t1 t2      2.76 sec, wall time      2.76 sec
diis-c [-1.82101488e-11  5.89667637e-03  6.61186926e-03 -3.96034181e-01
  1.38404734e+00 -4.16323563e-04 -1.05380643e-04]
DIIS for step 10
cycle = 11  E_corr(CCSD) = -0.572072463091958  dE = -3.15532132e-07  norm(t1,t2) = 5.84179e-06
    CPU time for CCSD iter      2.79 sec, wall time      2.79 sec
    CPU time for intermediates      0.06 sec, wall time      0.06 sec
    CPU time for t1      0.05 sec, wall time      0.05 sec
    CPU time for t2 oooo      0.04 sec, wall time      0.04 sec
    CPU time for t2 vvvv      2.01 sec, wall time      2.01 sec
    CPU time for t2 voov      0.57 sec, wall time      0.57 sec
    CPU time for update t1 t2      2.74 sec, wall time      2.74 sec
diis-c [-8.55678064e-13 -7.34005584e-05  1.80446474e-02 -1.18651161e-01
  1.48570512e-02  1.08700973e+00 -1.18687072e-03]
DIIS for step 11
cycle = 12  E_corr(CCSD) = -0.572072191266413  dE = 2.71825545e-07  norm(t1,t2) = 1.73326e-06
    CPU time for CCSD iter      2.77 sec, wall time      2.77 sec
    CPU time for intermediates      0.06 sec, wall time      0.06 sec
    CPU time for t1      0.05 sec, wall time      0.05 sec
    CPU time for t2 oooo      0.04 sec, wall time      0.04 sec
    CPU time for t2 vvvv      2.05 sec, wall time      2.05 sec
    CPU time for t2 voov      0.58 sec, wall time      0.58 sec
    CPU time for update t1 t2      2.79 sec, wall time      2.79 sec
diis-c [-7.86485277e-14  1.48882066e-04 -1.49346323e-03  2.65996563e-02
 -4.56389186e-02 -1.81819785e-01  1.20220363e+00]
DIIS for step 12
cycle = 13  E_corr(CCSD) = -0.572072082733374  dE = 1.08533038e-07  norm(t1,t2) = 3.56089e-07
    CPU time for CCSD iter      2.82 sec, wall time      2.82 sec
    CPU time for intermediates      0.06 sec, wall time      0.06 sec
    CPU time for t1      0.07 sec, wall time      0.07 sec
    CPU time for t2 oooo      0.04 sec, wall time      0.04 sec
    CPU time for t2 vvvv      2.07 sec, wall time      2.07 sec
    CPU time for t2 voov      0.58 sec, wall time      0.58 sec
    CPU time for update t1 t2      2.83 sec, wall time      2.83 sec
diis-c [-1.19636098e-14  1.39450229e+00 -2.02456812e-05 -7.28803416e-03
  1.56978788e-02  4.58840406e-02 -4.48775931e-01]
DIIS for step 13
cycle = 14  E_corr(CCSD) = -0.572072078785173  dE = 3.94820132e-09  norm(t1,t2) = 1.33244e-07
    CPU time for CCSD iter      2.86 sec, wall time      2.86 sec
    CPU time for CCSD     39.26 sec, wall time     39.26 sec
RCCSD converged
E(RCCSD) = -152.0999550851588  E_corr = -0.572072078785173

******** <class 'pyscf.pbc.cc.eom_kccsd_rhf.EOMEESinglet'> ********
max_space = 20
max_cycle = 50
conv_tol = 1e-07
partition = None
max_memory 4000 MB (current use 582 MB)
    CPU time for get_k_kpts: make_kpt ki>=kj (0,*)      0.12 sec, wall time      0.11 sec
    CPU time for get_j pass 1      0.02 sec, wall time      0.02 sec
    CPU time for get_j pass 2      0.01 sec, wall time      0.01 sec
    CPU time for vj and vk      0.15 sec, wall time      0.14 sec
    CPU time for vnuc pass1: analytic int     13.95 sec, wall time     13.95 sec
    CPU time for contracting Vnuc [0:10206]     20.50 sec, wall time     20.50 sec
    CPU time for contracting Vnuc     20.50 sec, wall time     20.50 sec
    CPU time for get_nuc     34.45 sec, wall time     34.45 sec
Ewald components = 0.0021968236688312, -108.84877667315, 158.130927142517
    CPU time for vnuc pass1: analytic int     13.80 sec, wall time     13.81 sec
    CPU time for contracting Vnuc [0:10206]     20.50 sec, wall time     20.50 sec
    CPU time for contracting Vnuc     20.50 sec, wall time     20.50 sec
    CPU time for get_nuc     34.30 sec, wall time     34.30 sec
E1 = -303.5278502896594  E_coul = 102.71561999025033
Monkhorst pack size [1 1 1] ew_eta 1.300962250217922 ew_cut 5.404860595575681
Ewald components = 2.45365165395438e-67, -0.734267861449051, 0.657020482851354
using incore ERI storage
    CPU time for CCSD integral transformation     72.39 sec, wall time     72.38 sec
    CPU time for EOM-CCSD shared one-electron intermediates      0.04 sec, wall time      0.04 sec
    CPU time for EOM-CCSD shared two-electron intermediates      0.34 sec, wall time      0.34 sec
    CPU time for EOM-CCSD EE intermediates      4.87 sec, wall time      4.87 sec

kshift = 0
    CPU time for EOMEE CIS approx      2.42 sec, wall time      2.43 sec
tol 1e-07  toloose 0.000316228
max_cycle 50  max_space 20  max_memory 4000  incore True
    CPU time for vector_to_amplitudes_singlet      0.01 sec, wall time      0.01 sec
    CPU time for contraction      0.80 sec, wall time      0.80 sec
    CPU time for amplitudes_to_vector_singlet      0.01 sec, wall time      0.01 sec
    CPU time for matvec EOMEE Singlet      0.81 sec, wall time      0.81 sec
davidson 0 1  |r|= 0.378  e= [0.1462077]  max|de|= 0.146  lindep=    1
    CPU time for vector_to_amplitudes_singlet      0.01 sec, wall time      0.01 sec
    CPU time for contraction      0.78 sec, wall time      0.78 sec
    CPU time for amplitudes_to_vector_singlet      0.01 sec, wall time      0.01 sec
    CPU time for matvec EOMEE Singlet      0.80 sec, wall time      0.80 sec
davidson 1 2  |r|= 0.0633  e= [0.0540466]  max|de|= -0.0922  lindep= 0.986
    CPU time for vector_to_amplitudes_singlet      0.01 sec, wall time      0.01 sec
    CPU time for contraction      0.78 sec, wall time      0.78 sec
    CPU time for amplitudes_to_vector_singlet      0.00 sec, wall time      0.00 sec
    CPU time for matvec EOMEE Singlet      0.80 sec, wall time      0.80 sec
davidson 2 3  |r|= 0.0202  e= [0.05348518]  max|de|= -0.000561  lindep= 0.993
    CPU time for vector_to_amplitudes_singlet      0.01 sec, wall time      0.01 sec
    CPU time for contraction      0.82 sec, wall time      0.82 sec
    CPU time for amplitudes_to_vector_singlet      0.01 sec, wall time      0.01 sec
    CPU time for matvec EOMEE Singlet      0.84 sec, wall time      0.84 sec
davidson 3 4  |r|= 0.00503  e= [0.0534573]  max|de|= -2.79e-05  lindep= 0.877
    CPU time for vector_to_amplitudes_singlet      0.01 sec, wall time      0.01 sec
    CPU time for contraction      0.82 sec, wall time      0.82 sec
    CPU time for amplitudes_to_vector_singlet      0.01 sec, wall time      0.01 sec
    CPU time for matvec EOMEE Singlet      0.84 sec, wall time      0.84 sec
davidson 4 5  |r|= 0.00131  e= [0.05342554]  max|de|= -3.18e-05  lindep= 0.684
    CPU time for vector_to_amplitudes_singlet      0.01 sec, wall time      0.01 sec
    CPU time for contraction      0.78 sec, wall time      0.78 sec
    CPU time for amplitudes_to_vector_singlet      0.00 sec, wall time      0.00 sec
    CPU time for matvec EOMEE Singlet      0.79 sec, wall time      0.79 sec
davidson 5 6  |r|= 0.000409  e= [0.05337556]  max|de|= -5e-05  lindep= 0.811
    CPU time for vector_to_amplitudes_singlet      0.01 sec, wall time      0.01 sec
    CPU time for contraction      0.78 sec, wall time      0.78 sec
    CPU time for amplitudes_to_vector_singlet      0.01 sec, wall time      0.01 sec
    CPU time for matvec EOMEE Singlet      0.79 sec, wall time      0.79 sec
davidson 6 7  |r|= 0.000104  e= [0.0533737]  max|de|= -1.86e-06  lindep= 0.821
    CPU time for vector_to_amplitudes_singlet      0.01 sec, wall time      0.01 sec
    CPU time for contraction      0.79 sec, wall time      0.79 sec
    CPU time for amplitudes_to_vector_singlet      0.01 sec, wall time      0.01 sec
    CPU time for matvec EOMEE Singlet      0.80 sec, wall time      0.80 sec
davidson 7 8  |r|= 2.35e-05  e= [0.05337412]  max|de|= 4.25e-07  lindep= 0.971
    CPU time for vector_to_amplitudes_singlet      0.01 sec, wall time      0.01 sec
    CPU time for contraction      0.79 sec, wall time      0.79 sec
    CPU time for amplitudes_to_vector_singlet      0.01 sec, wall time      0.01 sec
    CPU time for matvec EOMEE Singlet      0.80 sec, wall time      0.80 sec
davidson 8 9  |r|= 5.15e-06  e= [0.05337398]  max|de|= -1.45e-07  lindep= 0.949
    CPU time for vector_to_amplitudes_singlet      0.01 sec, wall time      0.01 sec
    CPU time for contraction      0.78 sec, wall time      0.78 sec
    CPU time for amplitudes_to_vector_singlet      0.01 sec, wall time      0.01 sec
    CPU time for matvec EOMEE Singlet      0.79 sec, wall time      0.79 sec
root 0 converged  |r|= 1.39e-06  e= 0.053373962270266695  max|de|= -1.65e-08
converged 9 10  |r|= 1.39e-06  e= [0.05337396]  max|de|= -1.65e-08
EOM-CCSD root 0 E = 0.05337396227026669  qpwt = 0.966937
    CPU time for EOM-CCSD     88.38 sec, wall time     88.38 sec
PBC KRHF Energy: -151.5278830063736
PBC KRCCSD Energy        : -0.572072078785173
PBC EOM-EE-KRCCSD roots: array([0.05337396])
